# JRE version: Java(TM) SE Runtime Environment (8.0_60-b27) (build 1.8.0_60-b27)
# Java VM: Java HotSpot(TM) 64-Bit Server VM (25.60-b23 mixed mode windows-amd64 compressed oops)
Heap:
 PSYoungGen      total 161792K, used 158314K [0x00000000f5580000, 0x0000000100000000, 0x0000000100000000)
  eden space 148992K, 100% used [0x00000000f5580000,0x00000000fe700000,0x00000000fe700000)
  from space 12800K, 72% used [0x00000000fe700000,0x00000000ff01abb0,0x00000000ff380000)
  to   space 12800K, 0% used [0x00000000ff380000,0x00000000ff380000,0x0000000100000000)
 ParOldGen       total 144384K, used 59595K [0x00000000e0000000, 0x00000000e8d00000, 0x00000000f5580000)
  object space 144384K, 41% used [0x00000000e0000000,0x00000000e3a32c48,0x00000000e8d00000)
 Metaspace       used 57670K, capacity 64958K, committed 65152K, reserved 1105920K
  class space    used 6996K, capacity 9086K, committed 9088K, reserved 1048576K
GC Heap History (10 events):
Event: 15.157 GC heap before
{Heap before GC invocations=20 (full 3):
 PSYoungGen      total 161280K, used 152597K [0x00000000f5580000, 0x0000000100000000, 0x0000000100000000)
  eden space 147968K, 100% used [0x00000000f5580000,0x00000000fe600000,0x00000000fe600000)
  from space 13312K, 34% used [0x00000000ff300000,0x00000000ff785600,0x0000000100000000)
  to   space 13312K, 0% used [0x00000000fe600000,0x00000000fe600000,0x00000000ff300000)
 ParOldGen       total 144384K, used 59555K [0x00000000e0000000, 0x00000000e8d00000, 0x00000000f5580000)
  object space 144384K, 41% used [0x00000000e0000000,0x00000000e3a28c48,0x00000000e8d00000)
 Metaspace       used 53649K, capacity 59836K, committed 60160K, reserved 1101824K
  class space    used 6488K, capacity 8373K, committed 8448K, reserved 1048576K
Event: 15.169 GC heap after
Heap after GC invocations=20 (full 3):
 PSYoungGen      total 154112K, used 5966K [0x00000000f5580000, 0x00000000ffe00000, 0x0000000100000000)
  eden space 147968K, 0% used [0x00000000f5580000,0x00000000f5580000,0x00000000fe600000)
  from space 6144K, 97% used [0x00000000fe600000,0x00000000febd3970,0x00000000fec00000)
  to   space 12288K, 0% used [0x00000000ff200000,0x00000000ff200000,0x00000000ffe00000)
 ParOldGen       total 144384K, used 59563K [0x00000000e0000000, 0x00000000e8d00000, 0x00000000f5580000)
  object space 144384K, 41% used [0x00000000e0000000,0x00000000e3a2ac48,0x00000000e8d00000)
 Metaspace       used 53649K, capacity 59836K, committed 60160K, reserved 1101824K
  class space    used 6488K, capacity 8373K, committed 8448K, reserved 1048576K
}
Event: 15.775 GC heap before
{Heap before GC invocations=21 (full 3):
 PSYoungGen      total 154112K, used 153934K [0x00000000f5580000, 0x00000000ffe00000, 0x0000000100000000)
  eden space 147968K, 100% used [0x00000000f5580000,0x00000000fe600000,0x00000000fe600000)
  from space 6144K, 97% used [0x00000000fe600000,0x00000000febd3970,0x00000000fec00000)
  to   space 12288K, 0% used [0x00000000ff200000,0x00000000ff200000,0x00000000ffe00000)
 ParOldGen       total 144384K, used 59563K [0x00000000e0000000, 0x00000000e8d00000, 0x00000000f5580000)
  object space 144384K, 41% used [0x00000000e0000000,0x00000000e3a2ac48,0x00000000e8d00000)
 Metaspace       used 54931K, capacity 61534K, committed 61696K, reserved 1101824K
  class space    used 6692K, capacity 8670K, committed 8704K, reserved 1048576K
Event: 15.784 GC heap after
Heap after GC invocations=21 (full 3):
 PSYoungGen      total 160768K, used 6058K [0x00000000f5580000, 0x0000000100000000, 0x0000000100000000)
  eden space 148480K, 0% used [0x00000000f5580000,0x00000000f5580000,0x00000000fe680000)
  from space 12288K, 49% used [0x00000000ff200000,0x00000000ff7eabb0,0x00000000ffe00000)
  to   space 11776K, 0% used [0x00000000fe680000,0x00000000fe680000,0x00000000ff200000)
 ParOldGen       total 144384K, used 59571K [0x00000000e0000000, 0x00000000e8d00000, 0x00000000f5580000)
  object space 144384K, 41% used [0x00000000e0000000,0x00000000e3a2cc48,0x00000000e8d00000)
 Metaspace       used 54931K, capacity 61534K, committed 61696K, reserved 1101824K
  class space    used 6692K, capacity 8670K, committed 8704K, reserved 1048576K
}
Event: 16.422 GC heap before
{Heap before GC invocations=22 (full 3):
 PSYoungGen      total 160768K, used 154538K [0x00000000f5580000, 0x0000000100000000, 0x0000000100000000)
  eden space 148480K, 100% used [0x00000000f5580000,0x00000000fe680000,0x00000000fe680000)
  from space 12288K, 49% used [0x00000000ff200000,0x00000000ff7eabb0,0x00000000ffe00000)
  to   space 11776K, 0% used [0x00000000fe680000,0x00000000fe680000,0x00000000ff200000)
 ParOldGen       total 144384K, used 59571K [0x00000000e0000000, 0x00000000e8d00000, 0x00000000f5580000)
  object space 144384K, 41% used [0x00000000e0000000,0x00000000e3a2cc48,0x00000000e8d00000)
 Metaspace       used 56218K, capacity 63008K, committed 63232K, reserved 1103872K
  class space    used 6862K, capacity 8879K, committed 8960K, reserved 1048576K
Event: 16.434 GC heap after
Heap after GC invocations=22 (full 3):
 PSYoungGen      total 160256K, used 7386K [0x00000000f5580000, 0x00000000fff80000, 0x0000000100000000)
  eden space 148480K, 0% used [0x00000000f5580000,0x00000000f5580000,0x00000000fe680000)
  from space 11776K, 62% used [0x00000000fe680000,0x00000000fedb6858,0x00000000ff200000)
  to   space 11776K, 0% used [0x00000000ff400000,0x00000000ff400000,0x00000000fff80000)
 ParOldGen       total 144384K, used 59579K [0x00000000e0000000, 0x00000000e8d00000, 0x00000000f5580000)
  object space 144384K, 41% used [0x00000000e0000000,0x00000000e3a2ec48,0x00000000e8d00000)
 Metaspace       used 56218K, capacity 63008K, committed 63232K, reserved 1103872K
  class space    used 6862K, capacity 8879K, committed 8960K, reserved 1048576K
}
Event: 17.195 GC heap before
{Heap before GC invocations=23 (full 3):
 PSYoungGen      total 160256K, used 155866K [0x00000000f5580000, 0x00000000fff80000, 0x0000000100000000)
  eden space 148480K, 100% used [0x00000000f5580000,0x00000000fe680000,0x00000000fe680000)
  from space 11776K, 62% used [0x00000000fe680000,0x00000000fedb6858,0x00000000ff200000)
  to   space 11776K, 0% used [0x00000000ff400000,0x00000000ff400000,0x00000000fff80000)
 ParOldGen       total 144384K, used 59579K [0x00000000e0000000, 0x00000000e8d00000, 0x00000000f5580000)
  object space 144384K, 41% used [0x00000000e0000000,0x00000000e3a2ec48,0x00000000e8d00000)
 Metaspace       used 57512K, capacity 64722K, committed 64896K, reserved 1105920K
  class space    used 6983K, capacity 9066K, committed 9088K, reserved 1048576K
Event: 17.226 GC heap after
Heap after GC invocations=23 (full 3):
 PSYoungGen      total 160768K, used 9760K [0x00000000f5580000, 0x0000000100000000, 0x0000000100000000)
  eden space 148992K, 0% used [0x00000000f5580000,0x00000000f5580000,0x00000000fe700000)
  from space 11776K, 82% used [0x00000000ff400000,0x00000000ffd88198,0x00000000fff80000)
  to   space 12800K, 0% used [0x00000000fe700000,0x00000000fe700000,0x00000000ff380000)
 ParOldGen       total 144384K, used 59587K [0x00000000e0000000, 0x00000000e8d00000, 0x00000000f5580000)
  object space 144384K, 41% used [0x00000000e0000000,0x00000000e3a30c48,0x00000000e8d00000)
 Metaspace       used 57512K, capacity 64722K, committed 64896K, reserved 1105920K
  class space    used 6983K, capacity 9066K, committed 9088K, reserved 1048576K
}
Event: 17.698 GC heap before
{Heap before GC invocations=24 (full 3):
 PSYoungGen      total 160768K, used 158752K [0x00000000f5580000, 0x0000000100000000, 0x0000000100000000)
  eden space 148992K, 100% used [0x00000000f5580000,0x00000000fe700000,0x00000000fe700000)
  from space 11776K, 82% used [0x00000000ff400000,0x00000000ffd88198,0x00000000fff80000)
  to   space 12800K, 0% used [0x00000000fe700000,0x00000000fe700000,0x00000000ff380000)
 ParOldGen       total 144384K, used 59587K [0x00000000e0000000, 0x00000000e8d00000, 0x00000000f5580000)
  object space 144384K, 41% used [0x00000000e0000000,0x00000000e3a30c48,0x00000000e8d00000)
 Metaspace       used 57557K, capacity 64798K, committed 64896K, reserved 1105920K
  class space    used 6988K, capacity 9074K, committed 9088K, reserved 1048576K
Event: 17.713 GC heap after
Heap after GC invocations=24 (full 3):
 PSYoungGen      total 161792K, used 9322K [0x00000000f5580000, 0x0000000100000000, 0x0000000100000000)
  eden space 148992K, 0% used [0x00000000f5580000,0x00000000f5580000,0x00000000fe700000)
  from space 12800K, 72% used [0x00000000fe700000,0x00000000ff01abb0,0x00000000ff380000)
  to   space 12800K, 0% used [0x00000000ff380000,0x00000000ff380000,0x0000000100000000)
 ParOldGen       total 144384K, used 59595K [0x00000000e0000000, 0x00000000e8d00000, 0x00000000f5580000)
  object space 144384K, 41% used [0x00000000e0000000,0x00000000e3a32c48,0x00000000e8d00000)
 Metaspace       used 57557K, capacity 64798K, committed 64896K, reserved 1105920K
  class space    used 6988K, capacity 9074K, committed 9088K, reserved 1048576K
}

