# JRE version: Java(TM) SE Runtime Environment (8.0_60-b27) (build 1.8.0_60-b27)
# Java VM: Java HotSpot(TM) 64-Bit Server VM (25.60-b23 mixed mode windows-amd64 compressed oops)
Heap:
 PSYoungGen      total 160256K, used 150335K [0x00000000f5580000, 0x0000000100000000, 0x0000000100000000)
  eden space 146432K, 96% used [0x00000000f5580000,0x00000000fdeda408,0x00000000fe480000)
  from space 13824K, 70% used [0x00000000fe480000,0x00000000fedf5bb0,0x00000000ff200000)
  to   space 14336K, 0% used [0x00000000ff200000,0x00000000ff200000,0x0000000100000000)
 ParOldGen       total 144896K, used 59156K [0x00000000e0000000, 0x00000000e8d80000, 0x00000000f5580000)
  object space 144896K, 40% used [0x00000000e0000000,0x00000000e39c5108,0x00000000e8d80000)
 Metaspace       used 57638K, capacity 64886K, committed 64896K, reserved 1105920K
  class space    used 6995K, capacity 9082K, committed 9088K, reserved 1048576K
GC Heap History (10 events):
Event: 13.124 GC heap before
{Heap before GC invocations=20 (full 3):
 PSYoungGen      total 159232K, used 148783K [0x00000000f5580000, 0x00000000fff80000, 0x0000000100000000)
  eden space 144384K, 100% used [0x00000000f5580000,0x00000000fe280000,0x00000000fe280000)
  from space 14848K, 29% used [0x00000000ff100000,0x00000000ff54bd88,0x00000000fff80000)
  to   space 14848K, 0% used [0x00000000fe280000,0x00000000fe280000,0x00000000ff100000)
 ParOldGen       total 144896K, used 59116K [0x00000000e0000000, 0x00000000e8d80000, 0x00000000f5580000)
  object space 144896K, 40% used [0x00000000e0000000,0x00000000e39bb108,0x00000000e8d80000)
 Metaspace       used 53061K, capacity 58966K, committed 59264K, reserved 1099776K
  class space    used 6401K, capacity 8224K, committed 8320K, reserved 1048576K
Event: 13.134 GC heap after
Heap after GC invocations=20 (full 3):
 PSYoungGen      total 150528K, used 6120K [0x00000000f5580000, 0x00000000ffe00000, 0x0000000100000000)
  eden space 144384K, 0% used [0x00000000f5580000,0x00000000f5580000,0x00000000fe280000)
  from space 6144K, 99% used [0x00000000fe280000,0x00000000fe87a218,0x00000000fe880000)
  to   space 13824K, 0% used [0x00000000ff080000,0x00000000ff080000,0x00000000ffe00000)
 ParOldGen       total 144896K, used 59124K [0x00000000e0000000, 0x00000000e8d80000, 0x00000000f5580000)
  object space 144896K, 40% used [0x00000000e0000000,0x00000000e39bd108,0x00000000e8d80000)
 Metaspace       used 53061K, capacity 58966K, committed 59264K, reserved 1099776K
  class space    used 6401K, capacity 8224K, committed 8320K, reserved 1048576K
}
Event: 14.274 GC heap before
{Heap before GC invocations=21 (full 3):
 PSYoungGen      total 150528K, used 150504K [0x00000000f5580000, 0x00000000ffe00000, 0x0000000100000000)
  eden space 144384K, 100% used [0x00000000f5580000,0x00000000fe280000,0x00000000fe280000)
  from space 6144K, 99% used [0x00000000fe280000,0x00000000fe87a218,0x00000000fe880000)
  to   space 13824K, 0% used [0x00000000ff080000,0x00000000ff080000,0x00000000ffe00000)
 ParOldGen       total 144896K, used 59124K [0x00000000e0000000, 0x00000000e8d80000, 0x00000000f5580000)
  object space 144896K, 40% used [0x00000000e0000000,0x00000000e39bd108,0x00000000e8d80000)
 Metaspace       used 54869K, capacity 61418K, committed 61696K, reserved 1101824K
  class space    used 6680K, capacity 8648K, committed 8704K, reserved 1048576K
Event: 14.283 GC heap after
Heap after GC invocations=21 (full 3):
 PSYoungGen      total 159232K, used 6506K [0x00000000f5580000, 0x0000000100000000, 0x0000000100000000)
  eden space 145408K, 0% used [0x00000000f5580000,0x00000000f5580000,0x00000000fe380000)
  from space 13824K, 47% used [0x00000000ff080000,0x00000000ff6dabc0,0x00000000ffe00000)
  to   space 13312K, 0% used [0x00000000fe380000,0x00000000fe380000,0x00000000ff080000)
 ParOldGen       total 144896K, used 59132K [0x00000000e0000000, 0x00000000e8d80000, 0x00000000f5580000)
  object space 144896K, 40% used [0x00000000e0000000,0x00000000e39bf108,0x00000000e8d80000)
 Metaspace       used 54869K, capacity 61418K, committed 61696K, reserved 1101824K
  class space    used 6680K, capacity 8648K, committed 8704K, reserved 1048576K
}
Event: 14.717 GC heap before
{Heap before GC invocations=22 (full 3):
 PSYoungGen      total 159232K, used 151914K [0x00000000f5580000, 0x0000000100000000, 0x0000000100000000)
  eden space 145408K, 100% used [0x00000000f5580000,0x00000000fe380000,0x00000000fe380000)
  from space 13824K, 47% used [0x00000000ff080000,0x00000000ff6dabc0,0x00000000ffe00000)
  to   space 13312K, 0% used [0x00000000fe380000,0x00000000fe380000,0x00000000ff080000)
 ParOldGen       total 144896K, used 59132K [0x00000000e0000000, 0x00000000e8d80000, 0x00000000f5580000)
  object space 144896K, 40% used [0x00000000e0000000,0x00000000e39bf108,0x00000000e8d80000)
 Metaspace       used 55029K, capacity 61700K, committed 61952K, reserved 1101824K
  class space    used 6705K, capacity 8691K, committed 8704K, reserved 1048576K
Event: 14.728 GC heap after
Heap after GC invocations=22 (full 3):
 PSYoungGen      total 158720K, used 6634K [0x00000000f5580000, 0x00000000ffe80000, 0x0000000100000000)
  eden space 145408K, 0% used [0x00000000f5580000,0x00000000f5580000,0x00000000fe380000)
  from space 13312K, 49% used [0x00000000fe380000,0x00000000fe9fabc0,0x00000000ff080000)
  to   space 12800K, 0% used [0x00000000ff200000,0x00000000ff200000,0x00000000ffe80000)
 ParOldGen       total 144896K, used 59140K [0x00000000e0000000, 0x00000000e8d80000, 0x00000000f5580000)
  object space 144896K, 40% used [0x00000000e0000000,0x00000000e39c1108,0x00000000e8d80000)
 Metaspace       used 55029K, capacity 61700K, committed 61952K, reserved 1101824K
  class space    used 6705K, capacity 8691K, committed 8704K, reserved 1048576K
}
Event: 15.876 GC heap before
{Heap before GC invocations=23 (full 3):
 PSYoungGen      total 158720K, used 152042K [0x00000000f5580000, 0x00000000ffe80000, 0x0000000100000000)
  eden space 145408K, 100% used [0x00000000f5580000,0x00000000fe380000,0x00000000fe380000)
  from space 13312K, 49% used [0x00000000fe380000,0x00000000fe9fabc0,0x00000000ff080000)
  to   space 12800K, 0% used [0x00000000ff200000,0x00000000ff200000,0x00000000ffe80000)
 ParOldGen       total 144896K, used 59140K [0x00000000e0000000, 0x00000000e8d80000, 0x00000000f5580000)
  object space 144896K, 40% used [0x00000000e0000000,0x00000000e39c1108,0x00000000e8d80000)
 Metaspace       used 57514K, capacity 64702K, committed 64896K, reserved 1105920K
  class space    used 6980K, capacity 9058K, committed 9088K, reserved 1048576K
Event: 15.914 GC heap after
Heap after GC invocations=23 (full 3):
 PSYoungGen      total 159232K, used 10996K [0x00000000f5580000, 0x0000000100000000, 0x0000000100000000)
  eden space 146432K, 0% used [0x00000000f5580000,0x00000000f5580000,0x00000000fe480000)
  from space 12800K, 85% used [0x00000000ff200000,0x00000000ffcbd290,0x00000000ffe80000)
  to   space 13824K, 0% used [0x00000000fe480000,0x00000000fe480000,0x00000000ff200000)
 ParOldGen       total 144896K, used 59148K [0x00000000e0000000, 0x00000000e8d80000, 0x00000000f5580000)
  object space 144896K, 40% used [0x00000000e0000000,0x00000000e39c3108,0x00000000e8d80000)
 Metaspace       used 57514K, capacity 64702K, committed 64896K, reserved 1105920K
  class space    used 6980K, capacity 9058K, committed 9088K, reserved 1048576K
}
Event: 16.383 GC heap before
{Heap before GC invocations=24 (full 3):
 PSYoungGen      total 159232K, used 157428K [0x00000000f5580000, 0x0000000100000000, 0x0000000100000000)
  eden space 146432K, 100% used [0x00000000f5580000,0x00000000fe480000,0x00000000fe480000)
  from space 12800K, 85% used [0x00000000ff200000,0x00000000ffcbd290,0x00000000ffe80000)
  to   space 13824K, 0% used [0x00000000fe480000,0x00000000fe480000,0x00000000ff200000)
 ParOldGen       total 144896K, used 59148K [0x00000000e0000000, 0x00000000e8d80000, 0x00000000f5580000)
  object space 144896K, 40% used [0x00000000e0000000,0x00000000e39c3108,0x00000000e8d80000)
 Metaspace       used 57581K, capacity 64810K, committed 64896K, reserved 1105920K
  class space    used 6989K, capacity 9074K, committed 9088K, reserved 1048576K
Event: 16.396 GC heap after
Heap after GC invocations=24 (full 3):
 PSYoungGen      total 160256K, used 9686K [0x00000000f5580000, 0x0000000100000000, 0x0000000100000000)
  eden space 146432K, 0% used [0x00000000f5580000,0x00000000f5580000,0x00000000fe480000)
  from space 13824K, 70% used [0x00000000fe480000,0x00000000fedf5bb0,0x00000000ff200000)
  to   space 14336K, 0% used [0x00000000ff200000,0x00000000ff200000,0x0000000100000000)
 ParOldGen       total 144896K, used 59156K [0x00000000e0000000, 0x00000000e8d80000, 0x00000000f5580000)
  object space 144896K, 40% used [0x00000000e0000000,0x00000000e39c5108,0x00000000e8d80000)
 Metaspace       used 57581K, capacity 64810K, committed 64896K, reserved 1105920K
  class space    used 6989K, capacity 9074K, committed 9088K, reserved 1048576K
}

