# JRE version: Java(TM) SE Runtime Environment (8.0_60-b27) (build 1.8.0_60-b27)
# Java VM: Java HotSpot(TM) 64-Bit Server VM (25.60-b23 mixed mode windows-amd64 compressed oops)
Heap:
 PSYoungGen      total 159744K, used 74676K [0x00000000f5580000, 0x00000000fff00000, 0x0000000100000000)
  eden space 146944K, 45% used [0x00000000f5580000,0x00000000f970f688,0x00000000fe500000)
  from space 12800K, 58% used [0x00000000ff280000,0x00000000ff9ddba0,0x00000000fff00000)
  to   space 13312K, 0% used [0x00000000fe500000,0x00000000fe500000,0x00000000ff200000)
 ParOldGen       total 140288K, used 61744K [0x00000000e0000000, 0x00000000e8900000, 0x00000000f5580000)
  object space 140288K, 44% used [0x00000000e0000000,0x00000000e3c4c0c0,0x00000000e8900000)
 Metaspace       used 57698K, capacity 65016K, committed 65152K, reserved 1105920K
  class space    used 6985K, capacity 9055K, committed 9088K, reserved 1048576K
GC Heap History (10 events):
Event: 15.062 GC heap before
{Heap before GC invocations=21 (full 3):
 PSYoungGen      total 159232K, used 148120K [0x00000000f5580000, 0x0000000100000000, 0x0000000100000000)
  eden space 144384K, 100% used [0x00000000f5580000,0x00000000fe280000,0x00000000fe280000)
  from space 14848K, 25% used [0x00000000fe280000,0x00000000fe6263e8,0x00000000ff100000)
  to   space 14848K, 0% used [0x00000000ff180000,0x00000000ff180000,0x0000000100000000)
 ParOldGen       total 140288K, used 61704K [0x00000000e0000000, 0x00000000e8900000, 0x00000000f5580000)
  object space 140288K, 43% used [0x00000000e0000000,0x00000000e3c420c0,0x00000000e8900000)
 Metaspace       used 54868K, capacity 61410K, committed 61696K, reserved 1101824K
  class space    used 6667K, capacity 8616K, committed 8704K, reserved 1048576K
Event: 15.069 GC heap after
Heap after GC invocations=21 (full 3):
 PSYoungGen      total 158720K, used 4170K [0x00000000f5580000, 0x00000000fff00000, 0x0000000100000000)
  eden space 144896K, 0% used [0x00000000f5580000,0x00000000f5580000,0x00000000fe300000)
  from space 13824K, 30% used [0x00000000ff180000,0x00000000ff592bb0,0x00000000fff00000)
  to   space 14336K, 0% used [0x00000000fe300000,0x00000000fe300000,0x00000000ff100000)
 ParOldGen       total 140288K, used 61712K [0x00000000e0000000, 0x00000000e8900000, 0x00000000f5580000)
  object space 140288K, 43% used [0x00000000e0000000,0x00000000e3c440c0,0x00000000e8900000)
 Metaspace       used 54868K, capacity 61410K, committed 61696K, reserved 1101824K
  class space    used 6667K, capacity 8616K, committed 8704K, reserved 1048576K
}
Event: 15.492 GC heap before
{Heap before GC invocations=22 (full 3):
 PSYoungGen      total 158720K, used 149066K [0x00000000f5580000, 0x00000000fff00000, 0x0000000100000000)
  eden space 144896K, 100% used [0x00000000f5580000,0x00000000fe300000,0x00000000fe300000)
  from space 13824K, 30% used [0x00000000ff180000,0x00000000ff592bb0,0x00000000fff00000)
  to   space 14336K, 0% used [0x00000000fe300000,0x00000000fe300000,0x00000000ff100000)
 ParOldGen       total 140288K, used 61712K [0x00000000e0000000, 0x00000000e8900000, 0x00000000f5580000)
  object space 140288K, 43% used [0x00000000e0000000,0x00000000e3c440c0,0x00000000e8900000)
 Metaspace       used 54997K, capacity 61630K, committed 61696K, reserved 1101824K
  class space    used 6684K, capacity 8644K, committed 8704K, reserved 1048576K
Event: 15.498 GC heap after
Heap after GC invocations=22 (full 3):
 PSYoungGen      total 159232K, used 4214K [0x00000000f5580000, 0x00000000fff80000, 0x0000000100000000)
  eden space 144896K, 0% used [0x00000000f5580000,0x00000000f5580000,0x00000000fe300000)
  from space 14336K, 29% used [0x00000000fe300000,0x00000000fe71dba0,0x00000000ff100000)
  to   space 13824K, 0% used [0x00000000ff200000,0x00000000ff200000,0x00000000fff80000)
 ParOldGen       total 140288K, used 61720K [0x00000000e0000000, 0x00000000e8900000, 0x00000000f5580000)
  object space 140288K, 43% used [0x00000000e0000000,0x00000000e3c460c0,0x00000000e8900000)
 Metaspace       used 54997K, capacity 61630K, committed 61696K, reserved 1101824K
  class space    used 6684K, capacity 8644K, committed 8704K, reserved 1048576K
}
Event: 16.346 GC heap before
{Heap before GC invocations=23 (full 3):
 PSYoungGen      total 159232K, used 149110K [0x00000000f5580000, 0x00000000fff80000, 0x0000000100000000)
  eden space 144896K, 100% used [0x00000000f5580000,0x00000000fe300000,0x00000000fe300000)
  from space 14336K, 29% used [0x00000000fe300000,0x00000000fe71dba0,0x00000000ff100000)
  to   space 13824K, 0% used [0x00000000ff200000,0x00000000ff200000,0x00000000fff80000)
 ParOldGen       total 140288K, used 61720K [0x00000000e0000000, 0x00000000e8900000, 0x00000000f5580000)
  object space 140288K, 43% used [0x00000000e0000000,0x00000000e3c460c0,0x00000000e8900000)
 Metaspace       used 57451K, capacity 64602K, committed 64896K, reserved 1105920K
  class space    used 6967K, capacity 9026K, committed 9088K, reserved 1048576K
Event: 16.363 GC heap after
Heap after GC invocations=23 (full 3):
 PSYoungGen      total 160256K, used 8553K [0x00000000f5580000, 0x00000000fff80000, 0x0000000100000000)
  eden space 146432K, 0% used [0x00000000f5580000,0x00000000f5580000,0x00000000fe480000)
  from space 13824K, 61% used [0x00000000ff200000,0x00000000ffa5a6d0,0x00000000fff80000)
  to   space 13824K, 0% used [0x00000000fe480000,0x00000000fe480000,0x00000000ff200000)
 ParOldGen       total 140288K, used 61728K [0x00000000e0000000, 0x00000000e8900000, 0x00000000f5580000)
  object space 140288K, 44% used [0x00000000e0000000,0x00000000e3c480c0,0x00000000e8900000)
 Metaspace       used 57451K, capacity 64602K, committed 64896K, reserved 1105920K
  class space    used 6967K, capacity 9026K, committed 9088K, reserved 1048576K
}
Event: 16.905 GC heap before
{Heap before GC invocations=24 (full 3):
 PSYoungGen      total 160256K, used 154985K [0x00000000f5580000, 0x00000000fff80000, 0x0000000100000000)
  eden space 146432K, 100% used [0x00000000f5580000,0x00000000fe480000,0x00000000fe480000)
  from space 13824K, 61% used [0x00000000ff200000,0x00000000ffa5a6d0,0x00000000fff80000)
  to   space 13824K, 0% used [0x00000000fe480000,0x00000000fe480000,0x00000000ff200000)
 ParOldGen       total 140288K, used 61728K [0x00000000e0000000, 0x00000000e8900000, 0x00000000f5580000)
  object space 140288K, 44% used [0x00000000e0000000,0x00000000e3c480c0,0x00000000e8900000)
 Metaspace       used 57569K, capacity 64834K, committed 64896K, reserved 1105920K
  class space    used 6976K, capacity 9042K, committed 9088K, reserved 1048576K
Event: 16.914 GC heap after
Heap after GC invocations=24 (full 3):
 PSYoungGen      total 160256K, used 7286K [0x00000000f5580000, 0x0000000100000000, 0x0000000100000000)
  eden space 146432K, 0% used [0x00000000f5580000,0x00000000f5580000,0x00000000fe480000)
  from space 13824K, 52% used [0x00000000fe480000,0x00000000feb9dba0,0x00000000ff200000)
  to   space 13824K, 0% used [0x00000000ff280000,0x00000000ff280000,0x0000000100000000)
 ParOldGen       total 140288K, used 61736K [0x00000000e0000000, 0x00000000e8900000, 0x00000000f5580000)
  object space 140288K, 44% used [0x00000000e0000000,0x00000000e3c4a0c0,0x00000000e8900000)
 Metaspace       used 57569K, capacity 64834K, committed 64896K, reserved 1105920K
  class space    used 6976K, capacity 9042K, committed 9088K, reserved 1048576K
}
Event: 17.426 GC heap before
{Heap before GC invocations=25 (full 3):
 PSYoungGen      total 160256K, used 153718K [0x00000000f5580000, 0x0000000100000000, 0x0000000100000000)
  eden space 146432K, 100% used [0x00000000f5580000,0x00000000fe480000,0x00000000fe480000)
  from space 13824K, 52% used [0x00000000fe480000,0x00000000feb9dba0,0x00000000ff200000)
  to   space 13824K, 0% used [0x00000000ff280000,0x00000000ff280000,0x0000000100000000)
 ParOldGen       total 140288K, used 61736K [0x00000000e0000000, 0x00000000e8900000, 0x00000000f5580000)
  object space 140288K, 44% used [0x00000000e0000000,0x00000000e3c4a0c0,0x00000000e8900000)
 Metaspace       used 57668K, capacity 64972K, committed 65152K, reserved 1105920K
  class space    used 6983K, capacity 9051K, committed 9088K, reserved 1048576K
Event: 17.436 GC heap after
Heap after GC invocations=25 (full 3):
 PSYoungGen      total 159744K, used 7542K [0x00000000f5580000, 0x00000000fff00000, 0x0000000100000000)
  eden space 146944K, 0% used [0x00000000f5580000,0x00000000f5580000,0x00000000fe500000)
  from space 12800K, 58% used [0x00000000ff280000,0x00000000ff9ddba0,0x00000000fff00000)
  to   space 13312K, 0% used [0x00000000fe500000,0x00000000fe500000,0x00000000ff200000)
 ParOldGen       total 140288K, used 61744K [0x00000000e0000000, 0x00000000e8900000, 0x00000000f5580000)
  object space 140288K, 44% used [0x00000000e0000000,0x00000000e3c4c0c0,0x00000000e8900000)
 Metaspace       used 57668K, capacity 64972K, committed 65152K, reserved 1105920K
  class space    used 6983K, capacity 9051K, committed 9088K, reserved 1048576K
}

